<?xml version="1.0" encoding="UTF-8"?>
<!-- Generated by org.testng.reporters.JUnitReportReporter -->
<testsuite skipped="1" hostname="Mukeshs-MacBook-Air.local" name="org.testcases.SeleniumAdvanceInteraction" tests="2" failures="0" timestamp="09 Jun 2018 17:54:27 GMT" time="8.807" errors="0">
  <testcase name="handleJavaScriptAlert" time="8.807" classname="org.testcases.SeleniumAdvanceInteraction"/>
  <testcase name="mouseInteraction" classname="org.testcases.SeleniumAdvanceInteraction">
    <skipped/>
  </testcase> <!-- mouseInteraction -->
</testsuite> <!-- org.testcases.SeleniumAdvanceInteraction -->
